<?xml version="1.0" encoding="UTF-8"?>
<!-- Generated by org.testng.reporters.JUnitXMLReporter -->
<testsuite ignored="0" hostname="jhet" failures="0" tests="5" name="Test" time="39.991" errors="0" timestamp="05 Jun 2024 18:04:09 GMT">
  <testcase classname="tests.TwoTest" name="testTwo" time="9.018"/>
  <testcase classname="tests.ThreeTest" name="testThree" time="4.892"/>
  <testcase classname="tests.LogincTest" name="login" time="1.628"/>
  <testcase classname="tests.LogincTest" name="login" time="11.369"/>
  <testcase classname="tests.FourTest" name="testFour" time="5.967"/>
</testsuite> <!-- Test -->
